<?xml version="1.0" encoding="UTF-8"?>
<!-- Generated by org.testng.reporters.JUnitReportReporter -->
<testsuite hostname="LAPTOP-JHAPH7OM" failures="0" tests="10" name="Test_NG_Programs.Invocation_count" time="0.007" errors="0" timestamp="2022-11-01T22:38:36 IST" skipped="0">
  <testcase classname="Test_NG_Programs.Invocation_count" name="TC1" time="0.001"/>
  <system-out>
    <![CDATA[runningtc1]]>
  </system-out>
  <testcase classname="Test_NG_Programs.Invocation_count" name="TC1" time="0.001"/>
  <system-out>
    <![CDATA[runningtc1]]>
  </system-out>
  <testcase classname="Test_NG_Programs.Invocation_count" name="TC1" time="0.001"/>
  <system-out>
    <![CDATA[runningtc1]]>
  </system-out>
  <testcase classname="Test_NG_Programs.Invocation_count" name="TC1" time="0.001"/>
  <system-out>
    <![CDATA[runningtc1]]>
  </system-out>
  <testcase classname="Test_NG_Programs.Invocation_count" name="TC1" time="0.000"/>
  <system-out>
    <![CDATA[runningtc1]]>
  </system-out>
  <testcase classname="Test_NG_Programs.Invocation_count" name="TC1" time="0.001"/>
  <system-out>
    <![CDATA[runningtc1]]>
  </system-out>
  <testcase classname="Test_NG_Programs.Invocation_count" name="TC1" time="0.000"/>
  <system-out>
    <![CDATA[runningtc1]]>
  </system-out>
  <testcase classname="Test_NG_Programs.Invocation_count" name="TC1" time="0.001"/>
  <system-out>
    <![CDATA[runningtc1]]>
  </system-out>
  <testcase classname="Test_NG_Programs.Invocation_count" name="TC1" time="0.000"/>
  <system-out>
    <![CDATA[runningtc1]]>
  </system-out>
  <testcase classname="Test_NG_Programs.Invocation_count" name="TC1" time="0.001"/>
  <system-out>
    <![CDATA[runningtc1]]>
  </system-out>
</testsuite> <!-- Test_NG_Programs.Invocation_count -->
