<?xml version="1.0" encoding="UTF-8"?>
<!-- Generated by org.testng.reporters.JUnitReportReporter -->
<testsuite hostname="LAPTOP-JHAPH7OM" failures="0" tests="1" name="Parallel_execution.Parallel1" time="3.792" errors="0" timestamp="2022-11-08T12:09:11 IST" skipped="0">
  <testcase classname="Parallel_execution.Parallel1" name="TC1" time="3.792"/>
  <system-out/>
</testsuite> <!-- Parallel_execution.Parallel1 -->
