<?xml version="1.0" encoding="UTF-8"?>
<!-- Generated by org.testng.reporters.JUnitReportReporter -->
<testsuite hostname="LAPTOP-JHAPH7OM" failures="0" tests="3" name="Test_NG_Programs.A3" time="0.005" errors="0" timestamp="2022-11-03T15:58:54 IST" skipped="0">
  <testcase classname="Test_NG_Programs.A3" name="TC8" time="0.001"/>
  <system-out>
    <![CDATA[running tc8]]>
  </system-out>
  <testcase classname="Test_NG_Programs.A3" name="TC9" time="0.002"/>
  <system-out>
    <![CDATA[running tc9]]>
  </system-out>
  <testcase classname="Test_NG_Programs.A3" name="TC7" time="0.002"/>
  <system-out>
    <![CDATA[running tc7]]>
  </system-out>
</testsuite> <!-- Test_NG_Programs.A3 -->
