<?xml version="1.0" encoding="UTF-8"?>
<!-- Generated by org.testng.reporters.JUnitReportReporter -->
<testsuite hostname="LAPTOP-JHAPH7OM" failures="0" tests="2" name="Test_NG_Programs.Enabled" time="0.009" errors="0" timestamp="2022-11-01T22:38:36 IST" skipped="1">
  <testcase classname="Test_NG_Programs.Enabled" name="TC2" time="0.009"/>
  <system-out>
    <![CDATA[running tc2]]>
  </system-out>
  <testcase classname="Test_NG_Programs.Enabled" name="TC1">
    <skipped/>
  </testcase> <!-- TC1 -->
  <system-out/>
</testsuite> <!-- Test_NG_Programs.Enabled -->
