<?xml version="1.0" encoding="UTF-8"?>
<!-- Generated by org.testng.reporters.JUnitReportReporter -->
<testsuite hostname="LAPTOP-JHAPH7OM" failures="0" tests="1" name="Dipak_1.A" time="15.572" errors="0" timestamp="2022-11-08T14:46:03 IST" skipped="0">
  <testcase classname="Dipak_1.A" name="TC1" time="15.572"/>
  <system-out/>
</testsuite> <!-- Dipak_1.A -->
