<?xml version="1.0" encoding="UTF-8"?>
<!-- Generated by org.testng.reporters.JUnitReportReporter -->
<testsuite hostname="LAPTOP-JHAPH7OM" failures="0" tests="1" name="Test_NG_Programs.Annotations" time="0.005" errors="0" timestamp="2022-11-08T14:15:15 IST" skipped="0">
  <testcase classname="Test_NG_Programs.Annotations" name="VerifyID" time="0.005"/>
  <system-out>
    <![CDATA[Verify user id]]>
  </system-out>
</testsuite> <!-- Test_NG_Programs.Annotations -->
