<?xml version="1.0" encoding="UTF-8"?>
<!-- Generated by org.testng.reporters.JUnitReportReporter -->
<testsuite hostname="LAPTOP-JHAPH7OM" failures="0" tests="1" name="Test_NG_Programs.Test_ng_class" time="0.001" errors="0" timestamp="2022-11-01T22:38:36 IST" skipped="0">
  <testcase classname="Test_NG_Programs.Test_ng_class" name="m1" time="0.001"/>
  <system-out>
    <![CDATA[Hii]]>
  </system-out>
</testsuite> <!-- Test_NG_Programs.Test_ng_class -->
