<?xml version="1.0" encoding="UTF-8"?>
<!-- Generated by org.testng.reporters.JUnitReportReporter -->
<testsuite hostname="LAPTOP-JHAPH7OM" failures="0" tests="3" name="Test_NG_Programs.Priority" time="0.004" errors="0" timestamp="2022-11-01T22:38:36 IST" skipped="0">
  <testcase classname="Test_NG_Programs.Priority" name="TC3" time="0.001"/>
  <system-out>
    <![CDATA[running tc3]]>
  </system-out>
  <testcase classname="Test_NG_Programs.Priority" name="TC1" time="0.002"/>
  <system-out>
    <![CDATA[running tc1]]>
  </system-out>
  <testcase classname="Test_NG_Programs.Priority" name="TC2" time="0.001"/>
  <system-out>
    <![CDATA[running tc2]]>
  </system-out>
</testsuite> <!-- Test_NG_Programs.Priority -->
